Using pre-set license
Built from '2021.3/staging' branch; Version is '2021.3.6f1 (7da38d85baf6) revision 8233869'; Using compiler version '192829333'; Build Type 'Release'
OS: 'Windows 10  (10.0.19044) 64bit Core' Language: 'ru' Physical Memory: 16326 MB
BatchMode: 1, IsHumanControllingUs: 0, StartBugReporterOnCrash: 0, Is64bit: 1, IsPro: 1

COMMAND LINE ARGUMENTS:
C:\Program Files\Unity\Hub\Editor\2021.3.6f1\Editor\Unity.exe
-adb2
-batchMode
-noUpm
-name
AssetImportWorker2
-projectPath
D:/GameDev/GeekBrains_Unity_study/GB_Patterns/Patterns
-logFile
Logs/AssetImportWorker2.log
-srvPort
52586
Successfully changed project path to: D:/GameDev/GeekBrains_Unity_study/GB_Patterns/Patterns
D:/GameDev/GeekBrains_Unity_study/GB_Patterns/Patterns
[UnityMemory] Configuration Parameters - Can be set up in boot.config
    "memorysetup-bucket-allocator-granularity=16"
    "memorysetup-bucket-allocator-bucket-count=8"
    "memorysetup-bucket-allocator-block-size=33554432"
    "memorysetup-bucket-allocator-block-count=8"
    "memorysetup-main-allocator-block-size=16777216"
    "memorysetup-thread-allocator-block-size=16777216"
    "memorysetup-gfx-main-allocator-block-size=16777216"
    "memorysetup-gfx-thread-allocator-block-size=16777216"
    "memorysetup-cache-allocator-block-size=4194304"
    "memorysetup-typetree-allocator-block-size=2097152"
    "memorysetup-profiler-bucket-allocator-granularity=16"
    "memorysetup-profiler-bucket-allocator-bucket-count=8"
    "memorysetup-profiler-bucket-allocator-block-size=33554432"
    "memorysetup-profiler-bucket-allocator-block-count=8"
    "memorysetup-profiler-allocator-block-size=16777216"
    "memorysetup-profiler-editor-allocator-block-size=1048576"
    "memorysetup-temp-allocator-size-main=16777216"
    "memorysetup-job-temp-allocator-block-size=2097152"
    "memorysetup-job-temp-allocator-block-size-background=1048576"
    "memorysetup-job-temp-allocator-reduction-small-platforms=262144"
    "memorysetup-temp-allocator-size-background-worker=32768"
    "memorysetup-temp-allocator-size-job-worker=262144"
    "memorysetup-temp-allocator-size-preload-manager=33554432"
    "memorysetup-temp-allocator-size-nav-mesh-worker=65536"
    "memorysetup-temp-allocator-size-audio-worker=65536"
    "memorysetup-temp-allocator-size-cloud-worker=32768"
    "memorysetup-temp-allocator-size-gi-baking-worker=262144"
    "memorysetup-temp-allocator-size-gfx=262144"
Refreshing native plugins compatible for Editor in 86.52 ms, found 4 plugins.
Preloading 0 native plugins for Editor in 0.00 ms.
Initialize engine version: 2021.3.6f1 (7da38d85baf6)
[Subsystems] Discovering subsystems at path C:/Program Files/Unity/Hub/Editor/2021.3.6f1/Editor/Data/Resources/UnitySubsystems
[Subsystems] Discovering subsystems at path D:/GameDev/GeekBrains_Unity_study/GB_Patterns/Patterns/Assets
GfxDevice: creating device client; threaded=0; jobified=0
Direct3D:
    Version:  Direct3D 11.0 [level 11.1]
    Renderer: NVIDIA GeForce RTX 3070 Ti (ID=0x2482)
    Vendor:   NVIDIA
    VRAM:     8041 MB
    Driver:   31.0.15.2225
Initialize mono
Mono path[0] = 'C:/Program Files/Unity/Hub/Editor/2021.3.6f1/Editor/Data/Managed'
Mono path[1] = 'C:/Program Files/Unity/Hub/Editor/2021.3.6f1/Editor/Data/MonoBleedingEdge/lib/mono/unityjit-win32'
Mono config path = 'C:/Program Files/Unity/Hub/Editor/2021.3.6f1/Editor/Data/MonoBleedingEdge/etc'
Using monoOptions --debugger-agent=transport=dt_socket,embedding=1,server=y,suspend=n,address=127.0.0.1:56556
Begin MonoManager ReloadAssembly
Registering precompiled unity dll's ...
Register platform support module: C:/Program Files/Unity/Hub/Editor/2021.3.6f1/Editor/Data/PlaybackEngines/WindowsStandaloneSupport/UnityEditor.WindowsStandalone.Extensions.dll
Register platform support module: C:/Program Files/Unity/Hub/Editor/2021.3.6f1/Editor/Data/PlaybackEngines/MetroSupport/UnityEditor.UWP.Extensions.dll
Registered in 0.006388 seconds.
Native extension for UWP target not found
Native extension for WindowsStandalone target not found
Refreshing native plugins compatible for Editor in 85.04 ms, found 4 plugins.
Preloading 0 native plugins for Editor in 0.00 ms.
Mono: successfully reloaded assembly
- Completed reload, in  0.514 seconds
Domain Reload Profiling:
	ReloadAssembly (514ms)
		BeginReloadAssembly (56ms)
			ExecutionOrderSort (0ms)
			DisableScriptedObjects (0ms)
			BackupInstance (0ms)
			ReleaseScriptingObjects (0ms)
			CreateAndSetChildDomain (1ms)
		EndReloadAssembly (369ms)
			LoadAssemblies (57ms)
			RebuildTransferFunctionScriptingTraits (0ms)
			SetupTypeCache (80ms)
			ReleaseScriptCaches (0ms)
			RebuildScriptCaches (23ms)
			SetupLoadedEditorAssemblies (226ms)
				LogAssemblyErrors (0ms)
				InitializePlatformSupportModulesInManaged (8ms)
				SetLoadedEditorAssemblies (0ms)
				RefreshPlugins (85ms)
				BeforeProcessingInitializeOnLoad (1ms)
				ProcessInitializeOnLoadAttributes (100ms)
				ProcessInitializeOnLoadMethodAttributes (31ms)
				AfterProcessingInitializeOnLoad (0ms)
				EditorAssembliesLoaded (0ms)
			ExecutionOrderSort2 (0ms)
			AwakeInstancesAfterBackupRestoration (0ms)
Platform modules already initialized, skipping
Registering precompiled user dll's ...
Registered in 0.004087 seconds.
Begin MonoManager ReloadAssembly
Symbol file LoadedFromMemory doesn't match image D:\GameDev\GeekBrains_Unity_study\GB_Patterns\Patterns\Library\PackageCache\com.unity.visualscripting@1.7.8\Editor\VisualScripting.Core\Dependencies\YamlDotNet\Unity.VisualScripting.YamlDotNet.dll
Symbol file LoadedFromMemory doesn't match image D:\GameDev\GeekBrains_Unity_study\GB_Patterns\Patterns\Library\PackageCache\com.unity.visualscripting@1.7.8\Editor\VisualScripting.Core\Dependencies\DotNetZip\Unity.VisualScripting.IonicZip.dll
Native extension for UWP target not found
Native extension for WindowsStandalone target not found
Refreshing native plugins compatible for Editor in 94.08 ms, found 4 plugins.
Preloading 0 native plugins for Editor in 0.00 ms.
Mono: successfully reloaded assembly
- Completed reload, in  1.001 seconds
Domain Reload Profiling:
	ReloadAssembly (1002ms)
		BeginReloadAssembly (82ms)
			ExecutionOrderSort (0ms)
			DisableScriptedObjects (4ms)
			BackupInstance (0ms)
			ReleaseScriptingObjects (0ms)
			CreateAndSetChildDomain (17ms)
		EndReloadAssembly (843ms)
			LoadAssemblies (65ms)
			RebuildTransferFunctionScriptingTraits (0ms)
			SetupTypeCache (174ms)
			ReleaseScriptCaches (1ms)
			RebuildScriptCaches (61ms)
			SetupLoadedEditorAssemblies (508ms)
				LogAssemblyErrors (0ms)
				InitializePlatformSupportModulesInManaged (5ms)
				SetLoadedEditorAssemblies (0ms)
				RefreshPlugins (94ms)
				BeforeProcessingInitializeOnLoad (109ms)
				ProcessInitializeOnLoadAttributes (211ms)
				ProcessInitializeOnLoadMethodAttributes (82ms)
				AfterProcessingInitializeOnLoad (7ms)
				EditorAssembliesLoaded (0ms)
			ExecutionOrderSort2 (0ms)
			AwakeInstancesAfterBackupRestoration (4ms)
Platform modules already initialized, skipping
========================================================================
Worker process is ready to serve import requests
Launched and connected shader compiler UnityShaderCompiler.exe after 0.06 seconds
Refreshing native plugins compatible for Editor in 1.02 ms, found 4 plugins.
Preloading 0 native plugins for Editor in 0.00 ms.
Unloading 5579 Unused Serialized files (Serialized files now loaded: 0)
Unloading 57 unused Assets / (1.2 MB). Loaded Objects now: 6019.
Memory consumption went from 217.6 MB to 216.4 MB.
Total: 4.046100 ms (FindLiveObjects: 0.412700 ms CreateObjectMapping: 0.291200 ms MarkObjects: 2.911100 ms  DeleteObjects: 0.430300 ms)

AssetImportParameters requested are different than current active one (requested -> active):
  custom:video-decoder-ogg-theora: a1e56fd34408186e4bbccfd4996cb3dc -> 
  custom:container-muxer-webm: aa71ff27fc2769a1b78a27578f13a17b -> 
  custom:container-demuxer-webm: 4f35f7cbe854078d1ac9338744f61a02 -> 
  custom:video-encoder-webm-vp8: eb34c28f22e8b96e1ab97ce403110664 -> 
  custom:audio-encoder-webm-vorbis: bf7c407c2cedff20999df2af8eb42d56 -> 
  custom:framework-win-MediaFoundation: 216162199b28c13a410421893ffa2e32 -> 
  custom:container-demuxer-ogg: 62fdf1f143b41e24485cea50d1cbac27 -> 
  custom:video-decoder-webm-vp8: 9c59270c3fd7afecdb556c50c9e8de78 -> 
  custom:audio-decoder-ogg-vorbis: bf7c407c2cedff20999df2af8eb42d56 -> 
========================================================================
Received Import Request.
  Time since last request: 677387.629199 seconds.
  path: Assets/Prefabs/ClonableEnemy.prefab
  artifactKey: Guid(8ececb150cdf46244bc4ca6787fba8fb) Importer(815301076,1909f56bfc062723c751e8b465ee728b)
Start importing Assets/Prefabs/ClonableEnemy.prefab using Guid(8ececb150cdf46244bc4ca6787fba8fb) Importer(815301076,1909f56bfc062723c751e8b465ee728b)  -> (artifact id: 'c628e058f761c8868572d096639b2f30') in 0.187134 seconds 
========================================================================
Received Import Request.
  Time since last request: 16.683247 seconds.
  path: Assets/Prefabs/MeleeEnemy.prefab
  artifactKey: Guid(a673d14431a80a54a9ded209ab932aa9) Importer(815301076,1909f56bfc062723c751e8b465ee728b)
Start importing Assets/Prefabs/MeleeEnemy.prefab using Guid(a673d14431a80a54a9ded209ab932aa9) Importer(815301076,1909f56bfc062723c751e8b465ee728b)  -> (artifact id: 'fb06932139aa83957720a70e0e3eaff6') in 0.010181 seconds 
========================================================================
Received Import Request.
  Time since last request: 71.546610 seconds.
  path: Assets/RawImages/WizardsHat.png
  artifactKey: Guid(f3fbe43585abbbb49ba65ac02abbb72b) Importer(815301076,1909f56bfc062723c751e8b465ee728b)
Start importing Assets/RawImages/WizardsHat.png using Guid(f3fbe43585abbbb49ba65ac02abbb72b) Importer(815301076,1909f56bfc062723c751e8b465ee728b)  -> (artifact id: 'a1830f6cdd2f6617a4f79ef23c0c1d09') in 0.043691 seconds 
========================================================================
Received Import Request.
  Time since last request: 13.289505 seconds.
  path: Assets/Prefabs/Player.prefab
  artifactKey: Guid(032af2080b67572489438d281e59da3e) Importer(815301076,1909f56bfc062723c751e8b465ee728b)
Start importing Assets/Prefabs/Player.prefab using Guid(032af2080b67572489438d281e59da3e) Importer(815301076,1909f56bfc062723c751e8b465ee728b)  -> (artifact id: '7bfe96ab16870e156f8d2f475a0bc1d1') in 0.010799 seconds 
========================================================================
Received Import Request.
  Time since last request: 29.953606 seconds.
  path: Assets/RawImages/Clonable.png
  artifactKey: Guid(23eff7fdfc366e44887c543326278d63) Importer(815301076,1909f56bfc062723c751e8b465ee728b)
Start importing Assets/RawImages/Clonable.png using Guid(23eff7fdfc366e44887c543326278d63) Importer(815301076,1909f56bfc062723c751e8b465ee728b)  -> (artifact id: 'a54da8b1a6bc4cb3557df230cb5bd550') in 0.062840 seconds 
========================================================================
Received Import Request.
  Time since last request: 4.844379 seconds.
  path: Assets/RawImages/Clonable.png
  artifactKey: Guid(23eff7fdfc366e44887c543326278d63) Importer(815301076,1909f56bfc062723c751e8b465ee728b)
Start importing Assets/RawImages/Clonable.png using Guid(23eff7fdfc366e44887c543326278d63) Importer(815301076,1909f56bfc062723c751e8b465ee728b)  -> (artifact id: 'c79b1cfe82b5208752e17963731b03e1') in 0.058420 seconds 
========================================================================
Received Import Request.
  Time since last request: 18.080150 seconds.
  path: Assets/Prefabs/ClonableEnemy.prefab
  artifactKey: Guid(8ececb150cdf46244bc4ca6787fba8fb) Importer(815301076,1909f56bfc062723c751e8b465ee728b)
Start importing Assets/Prefabs/ClonableEnemy.prefab using Guid(8ececb150cdf46244bc4ca6787fba8fb) Importer(815301076,1909f56bfc062723c751e8b465ee728b)  -> (artifact id: '057228a0d03f8f74ee9b6979f8ab1166') in 0.014170 seconds 
========================================================================
Received Import Request.
  Time since last request: 23.258094 seconds.
  path: Assets/RawImages/Melee.png
  artifactKey: Guid(4ae016c11b9f5d048aba4df4fbfe015f) Importer(815301076,1909f56bfc062723c751e8b465ee728b)
Start importing Assets/RawImages/Melee.png using Guid(4ae016c11b9f5d048aba4df4fbfe015f) Importer(815301076,1909f56bfc062723c751e8b465ee728b)  -> (artifact id: 'a31a123abf2747013bd47ac479a8a220') in 0.033261 seconds 
========================================================================
Received Import Request.
  Time since last request: 9.069907 seconds.
  path: Assets/RawImages/Melee.png
  artifactKey: Guid(4ae016c11b9f5d048aba4df4fbfe015f) Importer(815301076,1909f56bfc062723c751e8b465ee728b)
Start importing Assets/RawImages/Melee.png using Guid(4ae016c11b9f5d048aba4df4fbfe015f) Importer(815301076,1909f56bfc062723c751e8b465ee728b)  -> (artifact id: 'b6d37e548fec2e8dfedefd973b37ea1b') in 0.029620 seconds 
========================================================================
Received Import Request.
  Time since last request: 9.035948 seconds.
  path: Assets/RawImages/Melee.png
  artifactKey: Guid(4ae016c11b9f5d048aba4df4fbfe015f) Importer(815301076,1909f56bfc062723c751e8b465ee728b)
Start importing Assets/RawImages/Melee.png using Guid(4ae016c11b9f5d048aba4df4fbfe015f) Importer(815301076,1909f56bfc062723c751e8b465ee728b)  -> (artifact id: 'b507601594110e64494ddecc43278c72') in 0.030736 seconds 
========================================================================
Received Import Request.
  Time since last request: 12.941927 seconds.
  path: Assets/RawImages/Melee.png
  artifactKey: Guid(4ae016c11b9f5d048aba4df4fbfe015f) Importer(815301076,1909f56bfc062723c751e8b465ee728b)
Start importing Assets/RawImages/Melee.png using Guid(4ae016c11b9f5d048aba4df4fbfe015f) Importer(815301076,1909f56bfc062723c751e8b465ee728b)  -> (artifact id: '7db6ccf88be3bb0ae237990d55d8e79c') in 0.030676 seconds 
========================================================================
Received Import Request.
  Time since last request: 10.992489 seconds.
  path: Assets/Prefabs/MeleeEnemy.prefab
  artifactKey: Guid(a673d14431a80a54a9ded209ab932aa9) Importer(815301076,1909f56bfc062723c751e8b465ee728b)
Start importing Assets/Prefabs/MeleeEnemy.prefab using Guid(a673d14431a80a54a9ded209ab932aa9) Importer(815301076,1909f56bfc062723c751e8b465ee728b)  -> (artifact id: '18ae25243f4ebf0ec2d8ecb86c026b42') in 0.012105 seconds 
========================================================================
Received Import Request.
  Time since last request: 26.824527 seconds.
  path: Assets/RawImages/Ranged.png
  artifactKey: Guid(0f5f2b13225cf5348965dd478dee9c92) Importer(815301076,1909f56bfc062723c751e8b465ee728b)
Start importing Assets/RawImages/Ranged.png using Guid(0f5f2b13225cf5348965dd478dee9c92) Importer(815301076,1909f56bfc062723c751e8b465ee728b)  -> (artifact id: 'f0478dbc518b57092ae4ead9ad723e54') in 0.066994 seconds 
========================================================================
Received Import Request.
  Time since last request: 35.977903 seconds.
  path: Assets/Prefabs/RangedEnemy.prefab
  artifactKey: Guid(6898f1762c820724f92c71e295c9a222) Importer(815301076,1909f56bfc062723c751e8b465ee728b)
Start importing Assets/Prefabs/RangedEnemy.prefab using Guid(6898f1762c820724f92c71e295c9a222) Importer(815301076,1909f56bfc062723c751e8b465ee728b)  -> (artifact id: '50b00fa87e3c41b6dc85821e4bf05d48') in 0.011973 seconds 
========================================================================
Received Import Request.
  Time since last request: 30.198583 seconds.
  path: Assets/RawImages/Magma.png
  artifactKey: Guid(51cfc37bc13cfa04b9292071c4561c68) Importer(815301076,1909f56bfc062723c751e8b465ee728b)
Start importing Assets/RawImages/Magma.png using Guid(51cfc37bc13cfa04b9292071c4561c68) Importer(815301076,1909f56bfc062723c751e8b465ee728b)  -> (artifact id: '7e07adc31235bd8191a32646c5f04e75') in 0.050095 seconds 
========================================================================
Received Import Request.
  Time since last request: 9.397215 seconds.
  path: Assets/RawImages/Magma.png
  artifactKey: Guid(51cfc37bc13cfa04b9292071c4561c68) Importer(815301076,1909f56bfc062723c751e8b465ee728b)
Start importing Assets/RawImages/Magma.png using Guid(51cfc37bc13cfa04b9292071c4561c68) Importer(815301076,1909f56bfc062723c751e8b465ee728b)  -> (artifact id: '2bbaa92ff21c9c88bd4eb28677e0ffcc') in 0.038833 seconds 
========================================================================
Received Import Request.
  Time since last request: 6.905865 seconds.
  path: Assets/RawImages/Magma.png
  artifactKey: Guid(51cfc37bc13cfa04b9292071c4561c68) Importer(815301076,1909f56bfc062723c751e8b465ee728b)
Start importing Assets/RawImages/Magma.png using Guid(51cfc37bc13cfa04b9292071c4561c68) Importer(815301076,1909f56bfc062723c751e8b465ee728b)  -> (artifact id: '354c2f48f3bda6bcf1086e6afe4a64a1') in 0.036871 seconds 
========================================================================
Received Import Request.
  Time since last request: 8.323449 seconds.
  path: Assets/Prefabs/StillEnemy.prefab
  artifactKey: Guid(d8b61ce7746a28649a168525c54df467) Importer(815301076,1909f56bfc062723c751e8b465ee728b)
Start importing Assets/Prefabs/StillEnemy.prefab using Guid(d8b61ce7746a28649a168525c54df467) Importer(815301076,1909f56bfc062723c751e8b465ee728b)  -> (artifact id: '1104ad647bb9ce309a6adf72227a4f32') in 0.015596 seconds 
========================================================================
Received Import Request.
  Time since last request: 23.807413 seconds.
  path: Assets/Prefabs/ClonableEnemy.prefab
  artifactKey: Guid(8ececb150cdf46244bc4ca6787fba8fb) Importer(815301076,1909f56bfc062723c751e8b465ee728b)
Start importing Assets/Prefabs/ClonableEnemy.prefab using Guid(8ececb150cdf46244bc4ca6787fba8fb) Importer(815301076,1909f56bfc062723c751e8b465ee728b)  -> (artifact id: '8f76125605b9cac2671c81b5be158554') in 0.009917 seconds 
========================================================================
Received Import Request.
  Time since last request: 41.963193 seconds.
  path: Assets/Prefabs/MeleeEnemy.prefab
  artifactKey: Guid(a673d14431a80a54a9ded209ab932aa9) Importer(815301076,1909f56bfc062723c751e8b465ee728b)
Start importing Assets/Prefabs/MeleeEnemy.prefab using Guid(a673d14431a80a54a9ded209ab932aa9) Importer(815301076,1909f56bfc062723c751e8b465ee728b)  -> (artifact id: '94f6d140e811dfd5d1308d59d4830238') in 0.014938 seconds 
========================================================================
Received Prepare
Registering precompiled user dll's ...
Registered in 0.003903 seconds.
Begin MonoManager ReloadAssembly
Symbol file LoadedFromMemory doesn't match image D:\GameDev\GeekBrains_Unity_study\GB_Patterns\Patterns\Library\PackageCache\com.unity.visualscripting@1.7.8\Editor\VisualScripting.Core\Dependencies\YamlDotNet\Unity.VisualScripting.YamlDotNet.dll
Symbol file LoadedFromMemory doesn't match image D:\GameDev\GeekBrains_Unity_study\GB_Patterns\Patterns\Library\PackageCache\com.unity.visualscripting@1.7.8\Editor\VisualScripting.Core\Dependencies\DotNetZip\Unity.VisualScripting.IonicZip.dll
Native extension for UWP target not found
Native extension for WindowsStandalone target not found
Refreshing native plugins compatible for Editor in 0.87 ms, found 4 plugins.
Preloading 0 native plugins for Editor in 0.00 ms.
Mono: successfully reloaded assembly
- Completed reload, in  0.858 seconds
Domain Reload Profiling:
	ReloadAssembly (859ms)
		BeginReloadAssembly (129ms)
			ExecutionOrderSort (0ms)
			DisableScriptedObjects (8ms)
			BackupInstance (0ms)
			ReleaseScriptingObjects (0ms)
			CreateAndSetChildDomain (46ms)
		EndReloadAssembly (664ms)
			LoadAssemblies (72ms)
			RebuildTransferFunctionScriptingTraits (0ms)
			SetupTypeCache (172ms)
			ReleaseScriptCaches (2ms)
			RebuildScriptCaches (38ms)
			SetupLoadedEditorAssemblies (336ms)
				LogAssemblyErrors (0ms)
				InitializePlatformSupportModulesInManaged (10ms)
				SetLoadedEditorAssemblies (0ms)
				RefreshPlugins (1ms)
				BeforeProcessingInitializeOnLoad (73ms)
				ProcessInitializeOnLoadAttributes (176ms)
				ProcessInitializeOnLoadMethodAttributes (69ms)
				AfterProcessingInitializeOnLoad (7ms)
				EditorAssembliesLoaded (0ms)
			ExecutionOrderSort2 (0ms)
			AwakeInstancesAfterBackupRestoration (10ms)
Platform modules already initialized, skipping
Refreshing native plugins compatible for Editor in 2.18 ms, found 4 plugins.
Preloading 0 native plugins for Editor in 0.00 ms.
Unloading 5457 Unused Serialized files (Serialized files now loaded: 0)
Unloading 45 unused Assets / (1.2 MB). Loaded Objects now: 6087.
Memory consumption went from 215.8 MB to 214.6 MB.
Total: 4.051900 ms (FindLiveObjects: 0.393200 ms CreateObjectMapping: 0.284100 ms MarkObjects: 2.895500 ms  DeleteObjects: 0.478100 ms)

AssetImportParameters requested are different than current active one (requested -> active):
  custom:video-decoder-ogg-theora: a1e56fd34408186e4bbccfd4996cb3dc -> 
  custom:container-muxer-webm: aa71ff27fc2769a1b78a27578f13a17b -> 
  custom:container-demuxer-webm: 4f35f7cbe854078d1ac9338744f61a02 -> 
  custom:video-encoder-webm-vp8: eb34c28f22e8b96e1ab97ce403110664 -> 
  custom:audio-encoder-webm-vorbis: bf7c407c2cedff20999df2af8eb42d56 -> 
  custom:framework-win-MediaFoundation: 216162199b28c13a410421893ffa2e32 -> 
  custom:container-demuxer-ogg: 62fdf1f143b41e24485cea50d1cbac27 -> 
  custom:video-decoder-webm-vp8: 9c59270c3fd7afecdb556c50c9e8de78 -> 
  custom:audio-decoder-ogg-vorbis: bf7c407c2cedff20999df2af8eb42d56 -> 
========================================================================
Received Prepare
Registering precompiled user dll's ...
Registered in 0.003733 seconds.
Begin MonoManager ReloadAssembly
Symbol file LoadedFromMemory doesn't match image D:\GameDev\GeekBrains_Unity_study\GB_Patterns\Patterns\Library\PackageCache\com.unity.visualscripting@1.7.8\Editor\VisualScripting.Core\Dependencies\YamlDotNet\Unity.VisualScripting.YamlDotNet.dll
Symbol file LoadedFromMemory doesn't match image D:\GameDev\GeekBrains_Unity_study\GB_Patterns\Patterns\Library\PackageCache\com.unity.visualscripting@1.7.8\Editor\VisualScripting.Core\Dependencies\DotNetZip\Unity.VisualScripting.IonicZip.dll
Native extension for UWP target not found
Native extension for WindowsStandalone target not found
Refreshing native plugins compatible for Editor in 0.85 ms, found 4 plugins.
Preloading 0 native plugins for Editor in 0.00 ms.
Mono: successfully reloaded assembly
- Completed reload, in  0.860 seconds
Domain Reload Profiling:
	ReloadAssembly (861ms)
		BeginReloadAssembly (111ms)
			ExecutionOrderSort (0ms)
			DisableScriptedObjects (6ms)
			BackupInstance (0ms)
			ReleaseScriptingObjects (0ms)
			CreateAndSetChildDomain (35ms)
		EndReloadAssembly (680ms)
			LoadAssemblies (68ms)
			RebuildTransferFunctionScriptingTraits (0ms)
			SetupTypeCache (172ms)
			ReleaseScriptCaches (2ms)
			RebuildScriptCaches (40ms)
			SetupLoadedEditorAssemblies (341ms)
				LogAssemblyErrors (0ms)
				InitializePlatformSupportModulesInManaged (10ms)
				SetLoadedEditorAssemblies (0ms)
				RefreshPlugins (1ms)
				BeforeProcessingInitializeOnLoad (78ms)
				ProcessInitializeOnLoadAttributes (179ms)
				ProcessInitializeOnLoadMethodAttributes (66ms)
				AfterProcessingInitializeOnLoad (6ms)
				EditorAssembliesLoaded (0ms)
			ExecutionOrderSort2 (0ms)
			AwakeInstancesAfterBackupRestoration (10ms)
Platform modules already initialized, skipping
Refreshing native plugins compatible for Editor in 2.20 ms, found 4 plugins.
Preloading 0 native plugins for Editor in 0.00 ms.
Unloading 5458 Unused Serialized files (Serialized files now loaded: 0)
Unloading 45 unused Assets / (1.2 MB). Loaded Objects now: 6090.
Memory consumption went from 215.8 MB to 214.6 MB.
Total: 4.237200 ms (FindLiveObjects: 0.406300 ms CreateObjectMapping: 0.295700 ms MarkObjects: 3.057600 ms  DeleteObjects: 0.476700 ms)

AssetImportParameters requested are different than current active one (requested -> active):
  custom:video-decoder-ogg-theora: a1e56fd34408186e4bbccfd4996cb3dc -> 
  custom:container-muxer-webm: aa71ff27fc2769a1b78a27578f13a17b -> 
  custom:container-demuxer-webm: 4f35f7cbe854078d1ac9338744f61a02 -> 
  custom:video-encoder-webm-vp8: eb34c28f22e8b96e1ab97ce403110664 -> 
  custom:audio-encoder-webm-vorbis: bf7c407c2cedff20999df2af8eb42d56 -> 
  custom:framework-win-MediaFoundation: 216162199b28c13a410421893ffa2e32 -> 
  custom:container-demuxer-ogg: 62fdf1f143b41e24485cea50d1cbac27 -> 
  custom:video-decoder-webm-vp8: 9c59270c3fd7afecdb556c50c9e8de78 -> 
  custom:audio-decoder-ogg-vorbis: bf7c407c2cedff20999df2af8eb42d56 -> 
========================================================================
Received Import Request.
  Time since last request: 149.563850 seconds.
  path: Assets/Prefabs/StillEnemy.prefab
  artifactKey: Guid(d8b61ce7746a28649a168525c54df467) Importer(815301076,1909f56bfc062723c751e8b465ee728b)
Start importing Assets/Prefabs/StillEnemy.prefab using Guid(d8b61ce7746a28649a168525c54df467) Importer(815301076,1909f56bfc062723c751e8b465ee728b)  -> (artifact id: '3f3fb2e6e1bf3ccb39433f3250e6795e') in 0.131956 seconds 
========================================================================
Received Import Request.
  Time since last request: 24.919883 seconds.
  path: Assets/Prefabs/Weapon.prefab
  artifactKey: Guid(3c28bef4e37dafe40aa89afc80856555) Importer(815301076,1909f56bfc062723c751e8b465ee728b)
Start importing Assets/Prefabs/Weapon.prefab using Guid(3c28bef4e37dafe40aa89afc80856555) Importer(815301076,1909f56bfc062723c751e8b465ee728b)  -> (artifact id: '18b0f2c1d65fb30c7a68b66feabf3582') in 0.011471 seconds 
========================================================================
Received Import Request.
  Time since last request: 30.426459 seconds.
  path: Assets/Prefabs/Player.prefab
  artifactKey: Guid(032af2080b67572489438d281e59da3e) Importer(815301076,1909f56bfc062723c751e8b465ee728b)
Start importing Assets/Prefabs/Player.prefab using Guid(032af2080b67572489438d281e59da3e) Importer(815301076,1909f56bfc062723c751e8b465ee728b)  -> (artifact id: '3aca24324162613cf13e991eb4b32dbf') in 0.013157 seconds 
========================================================================
Received Prepare
Registering precompiled user dll's ...
Registered in 0.003737 seconds.
Begin MonoManager ReloadAssembly
Symbol file LoadedFromMemory doesn't match image D:\GameDev\GeekBrains_Unity_study\GB_Patterns\Patterns\Library\PackageCache\com.unity.visualscripting@1.7.8\Editor\VisualScripting.Core\Dependencies\YamlDotNet\Unity.VisualScripting.YamlDotNet.dll
Symbol file LoadedFromMemory doesn't match image D:\GameDev\GeekBrains_Unity_study\GB_Patterns\Patterns\Library\PackageCache\com.unity.visualscripting@1.7.8\Editor\VisualScripting.Core\Dependencies\DotNetZip\Unity.VisualScripting.IonicZip.dll
Native extension for UWP target not found
Native extension for WindowsStandalone target not found
Refreshing native plugins compatible for Editor in 1.03 ms, found 4 plugins.
Preloading 0 native plugins for Editor in 0.00 ms.
Mono: successfully reloaded assembly
- Completed reload, in  0.854 seconds
Domain Reload Profiling:
	ReloadAssembly (854ms)
		BeginReloadAssembly (117ms)
			ExecutionOrderSort (0ms)
			DisableScriptedObjects (8ms)
			BackupInstance (0ms)
			ReleaseScriptingObjects (0ms)
			CreateAndSetChildDomain (39ms)
		EndReloadAssembly (670ms)
			LoadAssemblies (69ms)
			RebuildTransferFunctionScriptingTraits (0ms)
			SetupTypeCache (172ms)
			ReleaseScriptCaches (2ms)
			RebuildScriptCaches (38ms)
			SetupLoadedEditorAssemblies (341ms)
				LogAssemblyErrors (0ms)
				InitializePlatformSupportModulesInManaged (10ms)
				SetLoadedEditorAssemblies (0ms)
				RefreshPlugins (1ms)
				BeforeProcessingInitializeOnLoad (75ms)
				ProcessInitializeOnLoadAttributes (176ms)
				ProcessInitializeOnLoadMethodAttributes (69ms)
				AfterProcessingInitializeOnLoad (8ms)
				EditorAssembliesLoaded (0ms)
			ExecutionOrderSort2 (0ms)
			AwakeInstancesAfterBackupRestoration (10ms)
Platform modules already initialized, skipping
Refreshing native plugins compatible for Editor in 2.21 ms, found 4 plugins.
Preloading 0 native plugins for Editor in 0.00 ms.
Unloading 5457 Unused Serialized files (Serialized files now loaded: 0)
Unloading 45 unused Assets / (1.2 MB). Loaded Objects now: 6134.
Memory consumption went from 215.8 MB to 214.6 MB.
Total: 4.187200 ms (FindLiveObjects: 0.358700 ms CreateObjectMapping: 0.256500 ms MarkObjects: 3.094600 ms  DeleteObjects: 0.476900 ms)

AssetImportParameters requested are different than current active one (requested -> active):
  custom:video-decoder-ogg-theora: a1e56fd34408186e4bbccfd4996cb3dc -> 
  custom:container-muxer-webm: aa71ff27fc2769a1b78a27578f13a17b -> 
  custom:container-demuxer-webm: 4f35f7cbe854078d1ac9338744f61a02 -> 
  custom:video-encoder-webm-vp8: eb34c28f22e8b96e1ab97ce403110664 -> 
  custom:audio-encoder-webm-vorbis: bf7c407c2cedff20999df2af8eb42d56 -> 
  custom:framework-win-MediaFoundation: 216162199b28c13a410421893ffa2e32 -> 
  custom:container-demuxer-ogg: 62fdf1f143b41e24485cea50d1cbac27 -> 
  custom:video-decoder-webm-vp8: 9c59270c3fd7afecdb556c50c9e8de78 -> 
  custom:audio-decoder-ogg-vorbis: bf7c407c2cedff20999df2af8eb42d56 -> 
========================================================================
Received Import Request.
  Time since last request: 47.425158 seconds.
  path: Assets/RawImages/Magma.png
  artifactKey: Guid(51cfc37bc13cfa04b9292071c4561c68) Importer(815301076,1909f56bfc062723c751e8b465ee728b)
Start importing Assets/RawImages/Magma.png using Guid(51cfc37bc13cfa04b9292071c4561c68) Importer(815301076,1909f56bfc062723c751e8b465ee728b)  -> (artifact id: '6e911903f4364c59c9957bb5f79e289d') in 0.076244 seconds 
========================================================================
Received Import Request.
  Time since last request: 7.542958 seconds.
  path: Assets/RawImages/Magma.png
  artifactKey: Guid(51cfc37bc13cfa04b9292071c4561c68) Importer(815301076,1909f56bfc062723c751e8b465ee728b)
Start importing Assets/RawImages/Magma.png using Guid(51cfc37bc13cfa04b9292071c4561c68) Importer(815301076,1909f56bfc062723c751e8b465ee728b)  -> (artifact id: 'd33695cbb80d1e25f16a90d4b725d44c') in 0.038320 seconds 
========================================================================
Received Import Request.
  Time since last request: 10.657436 seconds.
  path: Assets/Prefabs/StillEnemy.prefab
  artifactKey: Guid(d8b61ce7746a28649a168525c54df467) Importer(815301076,1909f56bfc062723c751e8b465ee728b)
Start importing Assets/Prefabs/StillEnemy.prefab using Guid(d8b61ce7746a28649a168525c54df467) Importer(815301076,1909f56bfc062723c751e8b465ee728b)  -> (artifact id: '3cf48ff9094080632926868099b68650') in 0.104345 seconds 
========================================================================
Received Import Request.
  Time since last request: 185.015919 seconds.
  path: Packages/com.unity.2d.sprite/Editor/ObjectMenuCreation/DefaultAssets/Textures/v2/9Sliced.png
  artifactKey: Guid(8884154dfe85442a3a3578be807dbcdf) Importer(815301076,1909f56bfc062723c751e8b465ee728b)
Start importing Packages/com.unity.2d.sprite/Editor/ObjectMenuCreation/DefaultAssets/Textures/v2/9Sliced.png using Guid(8884154dfe85442a3a3578be807dbcdf) Importer(815301076,1909f56bfc062723c751e8b465ee728b)  -> (artifact id: '4cc006e8d034da50739c7111f88c4519') in 0.056408 seconds 
========================================================================
Received Import Request.
  Time since last request: 0.000020 seconds.
  path: Packages/com.unity.2d.sprite/Editor/ObjectMenuCreation/DefaultAssets/Textures/v2/HexagonPointedTop.png
  artifactKey: Guid(5aa8b770bc43046bc8d993d0d5b7f4a5) Importer(815301076,1909f56bfc062723c751e8b465ee728b)
Start importing Packages/com.unity.2d.sprite/Editor/ObjectMenuCreation/DefaultAssets/Textures/v2/HexagonPointedTop.png using Guid(5aa8b770bc43046bc8d993d0d5b7f4a5) Importer(815301076,1909f56bfc062723c751e8b465ee728b)  -> (artifact id: 'f20147a409346effc66195a2513cfe31') in 0.064880 seconds 
========================================================================
Received Import Request.
  Time since last request: 0.000025 seconds.
  path: Packages/com.unity.2d.sprite/Editor/ObjectMenuCreation/DefaultAssets/Textures/v2/HexagonFlatTop.png
  artifactKey: Guid(b670ab75dde984907b8570040daa08c5) Importer(815301076,1909f56bfc062723c751e8b465ee728b)
Start importing Packages/com.unity.2d.sprite/Editor/ObjectMenuCreation/DefaultAssets/Textures/v2/HexagonFlatTop.png using Guid(b670ab75dde984907b8570040daa08c5) Importer(815301076,1909f56bfc062723c751e8b465ee728b)  -> (artifact id: 'e9583389ad8af2f3c1e2ca5f5fcd40f6') in 0.034927 seconds 
Editor requested this worker to shutdown with reason: Scaling down because of idle timeout
AssetImportWorker is now disconnected from the server
Process exiting
Exiting without the bug reporter. Application will terminate with return code 0